Started GET "/" for ::1 at 2017-04-18 13:34:29 +0800
  
ActiveRecord::PendingMigrationError (

Migrations are pending. To resolve this issue, run:

        bin/rails db:migrate RAILS_ENV=development

):
  
activerecord (5.0.2) lib/active_record/migration.rb:573:in `check_pending!'
activerecord (5.0.2) lib/active_record/migration.rb:549:in `call'
actionpack (5.0.2) lib/action_dispatch/middleware/callbacks.rb:38:in `block in call'
activesupport (5.0.2) lib/active_support/callbacks.rb:97:in `__run_callbacks__'
activesupport (5.0.2) lib/active_support/callbacks.rb:750:in `_run_call_callbacks'
activesupport (5.0.2) lib/active_support/callbacks.rb:90:in `run_callbacks'
actionpack (5.0.2) lib/action_dispatch/middleware/callbacks.rb:36:in `call'
actionpack (5.0.2) lib/action_dispatch/middleware/executor.rb:12:in `call'
actionpack (5.0.2) lib/action_dispatch/middleware/remote_ip.rb:79:in `call'
actionpack (5.0.2) lib/action_dispatch/middleware/debug_exceptions.rb:49:in `call'
web-console (3.5.0) lib/web_console/middleware.rb:135:in `call_app'
web-console (3.5.0) lib/web_console/middleware.rb:28:in `block in call'
web-console (3.5.0) lib/web_console/middleware.rb:18:in `catch'
web-console (3.5.0) lib/web_console/middleware.rb:18:in `call'
actionpack (5.0.2) lib/action_dispatch/middleware/show_exceptions.rb:31:in `call'
railties (5.0.2) lib/rails/rack/logger.rb:36:in `call_app'
railties (5.0.2) lib/rails/rack/logger.rb:24:in `block in call'
activesupport (5.0.2) lib/active_support/tagged_logging.rb:69:in `block in tagged'
activesupport (5.0.2) lib/active_support/tagged_logging.rb:26:in `tagged'
activesupport (5.0.2) lib/active_support/tagged_logging.rb:69:in `tagged'
railties (5.0.2) lib/rails/rack/logger.rb:24:in `call'
sprockets-rails (3.2.0) lib/sprockets/rails/quiet_assets.rb:13:in `call'
actionpack (5.0.2) lib/action_dispatch/middleware/request_id.rb:24:in `call'
rack (2.0.1) lib/rack/method_override.rb:22:in `call'
rack (2.0.1) lib/rack/runtime.rb:22:in `call'
activesupport (5.0.2) lib/active_support/cache/strategy/local_cache_middleware.rb:28:in `call'
actionpack (5.0.2) lib/action_dispatch/middleware/executor.rb:12:in `call'
actionpack (5.0.2) lib/action_dispatch/middleware/static.rb:136:in `call'
rack (2.0.1) lib/rack/sendfile.rb:111:in `call'
railties (5.0.2) lib/rails/engine.rb:522:in `call'
puma (3.8.2) lib/puma/configuration.rb:224:in `call'
puma (3.8.2) lib/puma/server.rb:600:in `handle_request'
puma (3.8.2) lib/puma/server.rb:435:in `process_client'
puma (3.8.2) lib/puma/server.rb:299:in `block in run'
puma (3.8.2) lib/puma/thread_pool.rb:120:in `block in spawn_thread'
  Rendering c:/Ruby23-x64/lib/ruby/gems/2.3.0/gems/actionpack-5.0.2/lib/action_dispatch/middleware/templates/rescues/diagnostics.html.erb within rescues/layout
  Rendering c:/Ruby23-x64/lib/ruby/gems/2.3.0/gems/actionpack-5.0.2/lib/action_dispatch/middleware/templates/rescues/_source.html.erb
Started GET "/" for ::1 at 2017-04-18 13:34:30 +0800
  Rendered c:/Ruby23-x64/lib/ruby/gems/2.3.0/gems/actionpack-5.0.2/lib/action_dispatch/middleware/templates/rescues/_source.html.erb (1.0ms)
  
ActiveRecord::PendingMigrationError (

Migrations are pending. To resolve this issue, run:

        bin/rails db:migrate RAILS_ENV=development

):
  
  Rendering c:/Ruby23-x64/lib/ruby/gems/2.3.0/gems/actionpack-5.0.2/lib/action_dispatch/middleware/templates/rescues/_trace.html.erb
activerecord (5.0.2) lib/active_record/migration.rb:573:in `check_pending!'
activerecord (5.0.2) lib/active_record/migration.rb:549:in `call'
actionpack (5.0.2) lib/action_dispatch/middleware/callbacks.rb:38:in `block in call'
activesupport (5.0.2) lib/active_support/callbacks.rb:97:in `__run_callbacks__'
activesupport (5.0.2) lib/active_support/callbacks.rb:750:in `_run_call_callbacks'
activesupport (5.0.2) lib/active_support/callbacks.rb:90:in `run_callbacks'
actionpack (5.0.2) lib/action_dispatch/middleware/callbacks.rb:36:in `call'
actionpack (5.0.2) lib/action_dispatch/middleware/executor.rb:12:in `call'
actionpack (5.0.2) lib/action_dispatch/middleware/remote_ip.rb:79:in `call'
actionpack (5.0.2) lib/action_dispatch/middleware/debug_exceptions.rb:49:in `call'
web-console (3.5.0) lib/web_console/middleware.rb:135:in `call_app'
web-console (3.5.0) lib/web_console/middleware.rb:28:in `block in call'
web-console (3.5.0) lib/web_console/middleware.rb:18:in `catch'
web-console (3.5.0) lib/web_console/middleware.rb:18:in `call'
actionpack (5.0.2) lib/action_dispatch/middleware/show_exceptions.rb:31:in `call'
railties (5.0.2) lib/rails/rack/logger.rb:36:in `call_app'
railties (5.0.2) lib/rails/rack/logger.rb:24:in `block in call'
activesupport (5.0.2) lib/active_support/tagged_logging.rb:69:in `block in tagged'
activesupport (5.0.2) lib/active_support/tagged_logging.rb:26:in `tagged'
activesupport (5.0.2) lib/active_support/tagged_logging.rb:69:in `tagged'
railties (5.0.2) lib/rails/rack/logger.rb:24:in `call'
sprockets-rails (3.2.0) lib/sprockets/rails/quiet_assets.rb:13:in `call'
actionpack (5.0.2) lib/action_dispatch/middleware/request_id.rb:24:in `call'
rack (2.0.1) lib/rack/method_override.rb:22:in `call'
rack (2.0.1) lib/rack/runtime.rb:22:in `call'
activesupport (5.0.2) lib/active_support/cache/strategy/local_cache_middleware.rb:28:in `call'
actionpack (5.0.2) lib/action_dispatch/middleware/executor.rb:12:in `call'
actionpack (5.0.2) lib/action_dispatch/middleware/static.rb:136:in `call'
rack (2.0.1) lib/rack/sendfile.rb:111:in `call'
railties (5.0.2) lib/rails/engine.rb:522:in `call'
puma (3.8.2) lib/puma/configuration.rb:224:in `call'
puma (3.8.2) lib/puma/server.rb:600:in `handle_request'
puma (3.8.2) lib/puma/server.rb:435:in `process_client'
puma (3.8.2) lib/puma/server.rb:299:in `block in run'
puma (3.8.2) lib/puma/thread_pool.rb:120:in `block in spawn_thread'
  Rendered c:/Ruby23-x64/lib/ruby/gems/2.3.0/gems/actionpack-5.0.2/lib/action_dispatch/middleware/templates/rescues/_trace.html.erb (1.0ms)
  Rendering c:/Ruby23-x64/lib/ruby/gems/2.3.0/gems/actionpack-5.0.2/lib/action_dispatch/middleware/templates/rescues/_request_and_response.html.erb
  Rendered c:/Ruby23-x64/lib/ruby/gems/2.3.0/gems/actionpack-5.0.2/lib/action_dispatch/middleware/templates/rescues/_request_and_response.html.erb (0.0ms)
  Rendered c:/Ruby23-x64/lib/ruby/gems/2.3.0/gems/actionpack-5.0.2/lib/action_dispatch/middleware/templates/rescues/diagnostics.html.erb within rescues/layout (548.0ms)
  Rendering c:/Ruby23-x64/lib/ruby/gems/2.3.0/gems/actionpack-5.0.2/lib/action_dispatch/middleware/templates/rescues/diagnostics.html.erb within rescues/layout
  Rendering c:/Ruby23-x64/lib/ruby/gems/2.3.0/gems/actionpack-5.0.2/lib/action_dispatch/middleware/templates/rescues/_source.html.erb
  Rendered c:/Ruby23-x64/lib/ruby/gems/2.3.0/gems/actionpack-5.0.2/lib/action_dispatch/middleware/templates/rescues/_source.html.erb (1.0ms)
  Rendering c:/Ruby23-x64/lib/ruby/gems/2.3.0/gems/actionpack-5.0.2/lib/action_dispatch/middleware/templates/rescues/_trace.html.erb
  Rendered c:/Ruby23-x64/lib/ruby/gems/2.3.0/gems/actionpack-5.0.2/lib/action_dispatch/middleware/templates/rescues/_trace.html.erb (1.0ms)
  Rendering c:/Ruby23-x64/lib/ruby/gems/2.3.0/gems/actionpack-5.0.2/lib/action_dispatch/middleware/templates/rescues/_request_and_response.html.erb
  Rendered c:/Ruby23-x64/lib/ruby/gems/2.3.0/gems/actionpack-5.0.2/lib/action_dispatch/middleware/templates/rescues/_request_and_response.html.erb (1.0ms)
  Rendered c:/Ruby23-x64/lib/ruby/gems/2.3.0/gems/actionpack-5.0.2/lib/action_dispatch/middleware/templates/rescues/diagnostics.html.erb within rescues/layout (482.0ms)
  [1m[35m (93.6ms)[0m  [1m[35mCREATE TABLE "schema_migrations" ("version" varchar NOT NULL PRIMARY KEY)[0m
  [1m[35m (93.6ms)[0m  [1m[35mCREATE TABLE "ar_internal_metadata" ("key" varchar NOT NULL PRIMARY KEY, "value" varchar, "created_at" datetime NOT NULL, "updated_at" datetime NOT NULL)[0m
  [1m[36mActiveRecord::SchemaMigration Load (0.0ms)[0m  [1m[34mSELECT "schema_migrations".* FROM "schema_migrations"[0m
Migrating to CreateUsers (20170404062939)
  [1m[35m (0.0ms)[0m  [1m[36mbegin transaction[0m
  [1m[35m (0.0ms)[0m  [1m[35mCREATE TABLE "users" ("id" INTEGER PRIMARY KEY AUTOINCREMENT NOT NULL, "name" varchar, "email" varchar, "password_digest" varchar, "created_at" datetime NOT NULL, "updated_at" datetime NOT NULL)[0m
  [1m[35m (0.0ms)[0m  [1m[34mselect sqlite_version(*)[0m
  [1m[35m (0.0ms)[0m  [1m[35mCREATE UNIQUE INDEX "index_users_on_email" ON "users" ("email")[0m
  [1m[35mSQL (0.0ms)[0m  [1m[32mINSERT INTO "schema_migrations" ("version") VALUES (?)[0m  [["version", "20170404062939"]]
  [1m[35m (93.6ms)[0m  [1m[36mcommit transaction[0m
  [1m[36mActiveRecord::InternalMetadata Load (0.0ms)[0m  [1m[34mSELECT  "ar_internal_metadata".* FROM "ar_internal_metadata" WHERE "ar_internal_metadata"."key" = ? LIMIT ?[0m  [["key", :environment], ["LIMIT", 1]]
  [1m[35m (0.0ms)[0m  [1m[36mbegin transaction[0m
  [1m[35mSQL (0.0ms)[0m  [1m[32mINSERT INTO "ar_internal_metadata" ("key", "value", "created_at", "updated_at") VALUES (?, ?, ?, ?)[0m  [["key", "environment"], ["value", "development"], ["created_at", 2017-04-18 05:34:48 UTC], ["updated_at", 2017-04-18 05:34:48 UTC]]
  [1m[35m (78.0ms)[0m  [1m[36mcommit transaction[0m
  [1m[36mActiveRecord::SchemaMigration Load (0.0ms)[0m  [1m[34mSELECT "schema_migrations".* FROM "schema_migrations"[0m
  [1m[35m (0.0ms)[0m  [1m[34m            SELECT sql
            FROM sqlite_master
            WHERE name='index_users_on_email' AND type='index'
            UNION ALL
            SELECT sql
            FROM sqlite_temp_master
            WHERE name='index_users_on_email' AND type='index'
[0m
Started GET "/" for ::1 at 2017-04-18 13:35:03 +0800
  [1m[36mActiveRecord::SchemaMigration Load (0.0ms)[0m  [1m[34mSELECT "schema_migrations".* FROM "schema_migrations"[0m
Processing by Rails::WelcomeController#index as HTML
  Parameters: {"internal"=>true}
  Rendering c:/Ruby23-x64/lib/ruby/gems/2.3.0/gems/railties-5.0.2/lib/rails/templates/rails/welcome/index.html.erb
  Rendered c:/Ruby23-x64/lib/ruby/gems/2.3.0/gems/railties-5.0.2/lib/rails/templates/rails/welcome/index.html.erb (4.0ms)
Completed 200 OK in 72ms (Views: 24.2ms | ActiveRecord: 0.0ms)


Started GET "/user" for ::1 at 2017-04-18 13:35:20 +0800
  
ActionController::RoutingError (No route matches [GET] "/user"):
  
actionpack (5.0.2) lib/action_dispatch/middleware/debug_exceptions.rb:53:in `call'
web-console (3.5.0) lib/web_console/middleware.rb:135:in `call_app'
web-console (3.5.0) lib/web_console/middleware.rb:28:in `block in call'
web-console (3.5.0) lib/web_console/middleware.rb:18:in `catch'
web-console (3.5.0) lib/web_console/middleware.rb:18:in `call'
actionpack (5.0.2) lib/action_dispatch/middleware/show_exceptions.rb:31:in `call'
railties (5.0.2) lib/rails/rack/logger.rb:36:in `call_app'
railties (5.0.2) lib/rails/rack/logger.rb:24:in `block in call'
activesupport (5.0.2) lib/active_support/tagged_logging.rb:69:in `block in tagged'
activesupport (5.0.2) lib/active_support/tagged_logging.rb:26:in `tagged'
activesupport (5.0.2) lib/active_support/tagged_logging.rb:69:in `tagged'
railties (5.0.2) lib/rails/rack/logger.rb:24:in `call'
sprockets-rails (3.2.0) lib/sprockets/rails/quiet_assets.rb:13:in `call'
actionpack (5.0.2) lib/action_dispatch/middleware/request_id.rb:24:in `call'
rack (2.0.1) lib/rack/method_override.rb:22:in `call'
rack (2.0.1) lib/rack/runtime.rb:22:in `call'
activesupport (5.0.2) lib/active_support/cache/strategy/local_cache_middleware.rb:28:in `call'
actionpack (5.0.2) lib/action_dispatch/middleware/executor.rb:12:in `call'
actionpack (5.0.2) lib/action_dispatch/middleware/static.rb:136:in `call'
rack (2.0.1) lib/rack/sendfile.rb:111:in `call'
railties (5.0.2) lib/rails/engine.rb:522:in `call'
puma (3.8.2) lib/puma/configuration.rb:224:in `call'
puma (3.8.2) lib/puma/server.rb:600:in `handle_request'
puma (3.8.2) lib/puma/server.rb:435:in `process_client'
puma (3.8.2) lib/puma/server.rb:299:in `block in run'
puma (3.8.2) lib/puma/thread_pool.rb:120:in `block in spawn_thread'
  Rendering c:/Ruby23-x64/lib/ruby/gems/2.3.0/gems/actionpack-5.0.2/lib/action_dispatch/middleware/templates/rescues/routing_error.html.erb within rescues/layout
  Rendering c:/Ruby23-x64/lib/ruby/gems/2.3.0/gems/actionpack-5.0.2/lib/action_dispatch/middleware/templates/rescues/_trace.html.erb
  Rendered c:/Ruby23-x64/lib/ruby/gems/2.3.0/gems/actionpack-5.0.2/lib/action_dispatch/middleware/templates/rescues/_trace.html.erb (1.0ms)
  Rendered collection of c:/Ruby23-x64/lib/ruby/gems/2.3.0/gems/actionpack-5.0.2/lib/action_dispatch/middleware/templates/routes/_route.html.erb [8 times] (38.0ms)
  Rendered c:/Ruby23-x64/lib/ruby/gems/2.3.0/gems/actionpack-5.0.2/lib/action_dispatch/middleware/templates/routes/_table.html.erb (11.0ms)
  Rendering c:/Ruby23-x64/lib/ruby/gems/2.3.0/gems/actionpack-5.0.2/lib/action_dispatch/middleware/templates/rescues/_request_and_response.html.erb
  Rendered c:/Ruby23-x64/lib/ruby/gems/2.3.0/gems/actionpack-5.0.2/lib/action_dispatch/middleware/templates/rescues/_request_and_response.html.erb (1.0ms)
  Rendered c:/Ruby23-x64/lib/ruby/gems/2.3.0/gems/actionpack-5.0.2/lib/action_dispatch/middleware/templates/rescues/routing_error.html.erb within rescues/layout (700.0ms)
Started GET "/users" for ::1 at 2017-04-18 13:35:28 +0800
Processing by UsersController#index as HTML
  Rendering users/index.html.erb within layouts/application
  [1m[36mUser Load (0.0ms)[0m  [1m[34mSELECT "users".* FROM "users"[0m
  Rendered users/index.html.erb within layouts/application (3.0ms)
Completed 200 OK in 1461ms (Views: 1449.6ms | ActiveRecord: 0.0ms)


Started GET "/users" for ::1 at 2017-04-18 14:40:20 +0800
  [1m[36mActiveRecord::SchemaMigration Load (0.0ms)[0m  [1m[34mSELECT "schema_migrations".* FROM "schema_migrations"[0m
Processing by UsersController#index as HTML
  [1m[36mUser Load (0.0ms)[0m  [1m[34mSELECT  "users".* FROM "users" WHERE "users"."id" IS NULL LIMIT ?[0m  [["LIMIT", 1]]
Redirected to http://localhost:3000/login
Filter chain halted as :authenticate_user rendered or redirected
Completed 302 Found in 21ms (ActiveRecord: 0.0ms)


Started GET "/login" for ::1 at 2017-04-18 14:40:26 +0800
Processing by SessionsController#new as HTML
  Rendering sessions/new.html.erb within layouts/application
  Rendered sessions/new.html.erb within layouts/application (0.0ms)
Completed 500 Internal Server Error in 35ms (ActiveRecord: 0.0ms)


  
SyntaxError (C:/Users/J162194/CloudComputingAssessment/app/views/sessions/new.html.erb:7: syntax error, unexpected ')', expecting keyword_end
...sion, url: login_path do% |f| );@output_buffer.safe_append='
...                               ^
C:/Users/J162194/CloudComputingAssessment/app/views/sessions/new.html.erb:18: syntax error, unexpected keyword_ensure, expecting ')'
C:/Users/J162194/CloudComputingAssessment/app/views/sessions/new.html.erb:20: syntax error, unexpected keyword_end, expecting ')'):
  
app/views/sessions/new.html.erb:7: syntax error, unexpected ')', expecting keyword_end
app/views/sessions/new.html.erb:18: syntax error, unexpected keyword_ensure, expecting ')'
app/views/sessions/new.html.erb:20: syntax error, unexpected keyword_end, expecting ')'
  Rendering c:/Ruby23-x64/lib/ruby/gems/2.3.0/gems/actionpack-5.0.2/lib/action_dispatch/middleware/templates/rescues/diagnostics.html.erb within rescues/layout
  Rendering c:/Ruby23-x64/lib/ruby/gems/2.3.0/gems/actionpack-5.0.2/lib/action_dispatch/middleware/templates/rescues/_source.html.erb
  Rendered c:/Ruby23-x64/lib/ruby/gems/2.3.0/gems/actionpack-5.0.2/lib/action_dispatch/middleware/templates/rescues/_source.html.erb (4.0ms)
  Rendering c:/Ruby23-x64/lib/ruby/gems/2.3.0/gems/actionpack-5.0.2/lib/action_dispatch/middleware/templates/rescues/_trace.html.erb
  Rendered c:/Ruby23-x64/lib/ruby/gems/2.3.0/gems/actionpack-5.0.2/lib/action_dispatch/middleware/templates/rescues/_trace.html.erb (2.0ms)
  Rendering c:/Ruby23-x64/lib/ruby/gems/2.3.0/gems/actionpack-5.0.2/lib/action_dispatch/middleware/templates/rescues/_request_and_response.html.erb
  Rendered c:/Ruby23-x64/lib/ruby/gems/2.3.0/gems/actionpack-5.0.2/lib/action_dispatch/middleware/templates/rescues/_request_and_response.html.erb (1.0ms)
  Rendered c:/Ruby23-x64/lib/ruby/gems/2.3.0/gems/actionpack-5.0.2/lib/action_dispatch/middleware/templates/rescues/diagnostics.html.erb within rescues/layout (464.0ms)
Started GET "/login" for ::1 at 2017-04-18 14:42:51 +0800
Processing by SessionsController#new as HTML
  Rendering sessions/new.html.erb within layouts/application
  Rendered sessions/new.html.erb within layouts/application (22.0ms)
  [1m[36mUser Load (1.0ms)[0m  [1m[34mSELECT  "users".* FROM "users" WHERE "users"."id" IS NULL LIMIT ?[0m  [["LIMIT", 1]]
Completed 200 OK in 592ms (Views: 583.0ms | ActiveRecord: 1.0ms)


Started GET "/login" for ::1 at 2017-04-18 14:46:40 +0800
Processing by SessionsController#new as HTML
  Rendering sessions/new.html.erb within layouts/application
  Rendered sessions/new.html.erb within layouts/application (2.0ms)
  [1m[36mUser Load (1.0ms)[0m  [1m[34mSELECT  "users".* FROM "users" WHERE "users"."id" IS NULL LIMIT ?[0m  [["LIMIT", 1]]
Completed 200 OK in 116ms (Views: 106.2ms | ActiveRecord: 1.0ms)


Started GET "/login" for ::1 at 2017-04-18 15:02:11 +0800
  [1m[36mActiveRecord::SchemaMigration Load (0.0ms)[0m  [1m[34mSELECT "schema_migrations".* FROM "schema_migrations"[0m
Processing by SessionsController#new as HTML
  Rendering sessions/new.html.erb within layouts/application
  Rendered sessions/new.html.erb within layouts/application (24.0ms)
  [1m[36mUser Load (0.0ms)[0m  [1m[34mSELECT  "users".* FROM "users" WHERE "users"."id" IS NULL LIMIT ?[0m  [["LIMIT", 1]]
Completed 200 OK in 687ms (Views: 669.5ms | ActiveRecord: 0.0ms)


Started POST "/login" for ::1 at 2017-04-18 15:02:40 +0800
Processing by SessionsController#create as HTML
  Parameters: {"utf8"=>"✓", "authenticity_token"=>"ClIm5CrdPEcamq9yeRfgwAsYPeNZvOsQpkfjrRu6SUXM6HpHGINzXu5H0sc4DVYNfi5d/AxSrYQi5stuJoDNvg==", "session"=>{"email"=>"someemail2@example.com", "password"=>"[FILTERED]"}, "commit"=>"Log in"}
Completed 500 Internal Server Error in 2ms (ActiveRecord: 0.0ms)


  
NoMethodError (undefined method `[]' for nil:NilClass):
  
app/controllers/sessions_controller.rb:6:in `create'
  Rendering c:/Ruby23-x64/lib/ruby/gems/2.3.0/gems/actionpack-5.0.2/lib/action_dispatch/middleware/templates/rescues/diagnostics.html.erb within rescues/layout
  Rendering c:/Ruby23-x64/lib/ruby/gems/2.3.0/gems/actionpack-5.0.2/lib/action_dispatch/middleware/templates/rescues/_source.html.erb
  Rendered c:/Ruby23-x64/lib/ruby/gems/2.3.0/gems/actionpack-5.0.2/lib/action_dispatch/middleware/templates/rescues/_source.html.erb (2.0ms)
  Rendering c:/Ruby23-x64/lib/ruby/gems/2.3.0/gems/actionpack-5.0.2/lib/action_dispatch/middleware/templates/rescues/_trace.html.erb
  Rendered c:/Ruby23-x64/lib/ruby/gems/2.3.0/gems/actionpack-5.0.2/lib/action_dispatch/middleware/templates/rescues/_trace.html.erb (2.0ms)
  Rendering c:/Ruby23-x64/lib/ruby/gems/2.3.0/gems/actionpack-5.0.2/lib/action_dispatch/middleware/templates/rescues/_request_and_response.html.erb
  Rendered c:/Ruby23-x64/lib/ruby/gems/2.3.0/gems/actionpack-5.0.2/lib/action_dispatch/middleware/templates/rescues/_request_and_response.html.erb (1.0ms)
  Rendered c:/Ruby23-x64/lib/ruby/gems/2.3.0/gems/actionpack-5.0.2/lib/action_dispatch/middleware/templates/rescues/diagnostics.html.erb within rescues/layout (485.0ms)
Started PUT "/__web_console/repl_sessions/4cc220bed493bfd879f476cb158c58f4" for ::1 at 2017-04-18 15:02:56 +0800
Started PUT "/__web_console/repl_sessions/4cc220bed493bfd879f476cb158c58f4" for ::1 at 2017-04-18 15:02:57 +0800
Started PUT "/__web_console/repl_sessions/4cc220bed493bfd879f476cb158c58f4" for ::1 at 2017-04-18 15:02:58 +0800
  [1m[36mUser Load (0.0ms)[0m  [1m[34mSELECT "users".* FROM "users"[0m
Started PUT "/__web_console/repl_sessions/4cc220bed493bfd879f476cb158c58f4" for ::1 at 2017-04-18 15:03:02 +0800
Started PUT "/__web_console/repl_sessions/4cc220bed493bfd879f476cb158c58f4" for ::1 at 2017-04-18 15:03:02 +0800
Started PUT "/__web_console/repl_sessions/4cc220bed493bfd879f476cb158c58f4" for ::1 at 2017-04-18 15:03:13 +0800
Started PUT "/__web_console/repl_sessions/4cc220bed493bfd879f476cb158c58f4" for ::1 at 2017-04-18 15:03:21 +0800
Started PUT "/__web_console/repl_sessions/4cc220bed493bfd879f476cb158c58f4" for ::1 at 2017-04-18 15:03:22 +0800
Started PUT "/__web_console/repl_sessions/4cc220bed493bfd879f476cb158c58f4" for ::1 at 2017-04-18 15:03:36 +0800
Started PUT "/__web_console/repl_sessions/4cc220bed493bfd879f476cb158c58f4" for ::1 at 2017-04-18 15:03:50 +0800
  [1m[35m (0.0ms)[0m  [1m[36mbegin transaction[0m
  [1m[36mUser Exists (0.0ms)[0m  [1m[34mSELECT  1 AS one FROM "users" WHERE LOWER("users"."email") = LOWER(?) LIMIT ?[0m  [["email", "someemail2@example.com"], ["LIMIT", 1]]
  [1m[35m (0.0ms)[0m  [1m[31mrollback transaction[0m
Started PUT "/__web_console/repl_sessions/4cc220bed493bfd879f476cb158c58f4" for ::1 at 2017-04-18 15:03:58 +0800
  [1m[35m (0.0ms)[0m  [1m[36mbegin transaction[0m
  [1m[36mUser Exists (0.0ms)[0m  [1m[34mSELECT  1 AS one FROM "users" WHERE LOWER("users"."email") = LOWER(?) LIMIT ?[0m  [["email", "someemail2@example.com"], ["LIMIT", 1]]
  [1m[35m (0.0ms)[0m  [1m[31mrollback transaction[0m
Started PUT "/__web_console/repl_sessions/4cc220bed493bfd879f476cb158c58f4" for ::1 at 2017-04-18 15:04:13 +0800
  [1m[35m (0.0ms)[0m  [1m[36mbegin transaction[0m
  [1m[36mUser Exists (0.0ms)[0m  [1m[34mSELECT  1 AS one FROM "users" WHERE LOWER("users"."email") = LOWER(?) LIMIT ?[0m  [["email", "someemail2@example.com"], ["LIMIT", 1]]
  [1m[35mSQL (0.0ms)[0m  [1m[32mINSERT INTO "users" ("name", "email", "password_digest", "created_at", "updated_at") VALUES (?, ?, ?, ?, ?)[0m  [["name", "lucas"], ["email", "someemail2@example.com"], ["password_digest", "$2a$10$vaWDTyLkUwbIwmOXeb0NiuhTa1hYud9ushEzVE82.KKVY9XK2B/6i"], ["created_at", 2017-04-18 07:04:13 UTC], ["updated_at", 2017-04-18 07:04:13 UTC]]
  [1m[35m (78.0ms)[0m  [1m[36mcommit transaction[0m
Started GET "/login" for ::1 at 2017-04-18 15:04:17 +0800
Processing by SessionsController#new as HTML
  Rendering sessions/new.html.erb within layouts/application
  Rendered sessions/new.html.erb within layouts/application (1.0ms)
  [1m[36mUser Load (0.0ms)[0m  [1m[34mSELECT  "users".* FROM "users" WHERE "users"."id" IS NULL LIMIT ?[0m  [["LIMIT", 1]]
Completed 200 OK in 94ms (Views: 86.2ms | ActiveRecord: 0.0ms)


Started POST "/login" for ::1 at 2017-04-18 15:04:23 +0800
Processing by SessionsController#create as HTML
  Parameters: {"utf8"=>"✓", "authenticity_token"=>"oRmDYnQKSROIPHwvcBunDq/tyyedDN/CNzu/zAbmk8pno9/BRlQGCnzhAZoxARHD2turOMjimVazmpcPO9wXMQ==", "session"=>{"email"=>"someemail2@example.com", "password"=>"[FILTERED]"}, "commit"=>"Log in"}
Completed 500 Internal Server Error in 2ms (ActiveRecord: 0.0ms)


  
NoMethodError (undefined method `[]' for nil:NilClass):
  
app/controllers/sessions_controller.rb:6:in `create'
  Rendering c:/Ruby23-x64/lib/ruby/gems/2.3.0/gems/actionpack-5.0.2/lib/action_dispatch/middleware/templates/rescues/diagnostics.html.erb within rescues/layout
  Rendering c:/Ruby23-x64/lib/ruby/gems/2.3.0/gems/actionpack-5.0.2/lib/action_dispatch/middleware/templates/rescues/_source.html.erb
  Rendered c:/Ruby23-x64/lib/ruby/gems/2.3.0/gems/actionpack-5.0.2/lib/action_dispatch/middleware/templates/rescues/_source.html.erb (3.0ms)
  Rendering c:/Ruby23-x64/lib/ruby/gems/2.3.0/gems/actionpack-5.0.2/lib/action_dispatch/middleware/templates/rescues/_trace.html.erb
  Rendered c:/Ruby23-x64/lib/ruby/gems/2.3.0/gems/actionpack-5.0.2/lib/action_dispatch/middleware/templates/rescues/_trace.html.erb (1.0ms)
  Rendering c:/Ruby23-x64/lib/ruby/gems/2.3.0/gems/actionpack-5.0.2/lib/action_dispatch/middleware/templates/rescues/_request_and_response.html.erb
  Rendered c:/Ruby23-x64/lib/ruby/gems/2.3.0/gems/actionpack-5.0.2/lib/action_dispatch/middleware/templates/rescues/_request_and_response.html.erb (1.0ms)
  Rendered c:/Ruby23-x64/lib/ruby/gems/2.3.0/gems/actionpack-5.0.2/lib/action_dispatch/middleware/templates/rescues/diagnostics.html.erb within rescues/layout (485.0ms)
Started POST "/login" for ::1 at 2017-04-18 15:05:01 +0800
Processing by SessionsController#create as HTML
  Parameters: {"utf8"=>"✓", "authenticity_token"=>"oRmDYnQKSROIPHwvcBunDq/tyyedDN/CNzu/zAbmk8pno9/BRlQGCnzhAZoxARHD2turOMjimVazmpcPO9wXMQ==", "session"=>{"email"=>"someemail2@example.com", "password"=>"[FILTERED]"}, "commit"=>"Log in"}
  [1m[36mUser Load (0.0ms)[0m  [1m[34mSELECT  "users".* FROM "users" WHERE "users"."email" = ? LIMIT ?[0m  [["email", "someemail2@example.com"], ["LIMIT", 1]]
Redirected to http://localhost:3000/
Completed 302 Found in 78ms (ActiveRecord: 0.0ms)


Started GET "/" for ::1 at 2017-04-18 15:05:01 +0800
Processing by PublicController#landing as HTML
  Rendering public/landing.html.erb within layouts/application
  Rendered public/landing.html.erb within layouts/application (0.0ms)
  [1m[36mUser Load (0.0ms)[0m  [1m[34mSELECT  "users".* FROM "users" WHERE "users"."id" = ? LIMIT ?[0m  [["id", 1], ["LIMIT", 1]]
Completed 500 Internal Server Error in 241ms (ActiveRecord: 0.0ms)


  
ActionView::Template::Error (undefined local variable or method `logout_path' for #<#<Class:0x0000000bb5a3a0>:0x0000000bb59158>
Did you mean?  root_path):
    12:   <% if logged_in? %>
    13:   	<h1>Welcome, <%= current_user.name %>!</h1>
    14:   	<%= link_to "Users", users_path %>
    15:   	<%= link_to "Log out", logout_path, method: delete %>
    16:   <% else %>
    17:   	<%= link_to "Log in", login_path %>
    18:   <% end %>
  
app/views/layouts/application.html.erb:15:in `_app_views_layouts_application_html_erb___1816615697_98192580'
  Rendering c:/Ruby23-x64/lib/ruby/gems/2.3.0/gems/actionpack-5.0.2/lib/action_dispatch/middleware/templates/rescues/template_error.html.erb within rescues/layout
  Rendering c:/Ruby23-x64/lib/ruby/gems/2.3.0/gems/actionpack-5.0.2/lib/action_dispatch/middleware/templates/rescues/_source.html.erb
  Rendered c:/Ruby23-x64/lib/ruby/gems/2.3.0/gems/actionpack-5.0.2/lib/action_dispatch/middleware/templates/rescues/_source.html.erb (3.0ms)
  Rendering c:/Ruby23-x64/lib/ruby/gems/2.3.0/gems/actionpack-5.0.2/lib/action_dispatch/middleware/templates/rescues/_trace.html.erb
  Rendered c:/Ruby23-x64/lib/ruby/gems/2.3.0/gems/actionpack-5.0.2/lib/action_dispatch/middleware/templates/rescues/_trace.html.erb (1.0ms)
  Rendering c:/Ruby23-x64/lib/ruby/gems/2.3.0/gems/actionpack-5.0.2/lib/action_dispatch/middleware/templates/rescues/_request_and_response.html.erb
  Rendered c:/Ruby23-x64/lib/ruby/gems/2.3.0/gems/actionpack-5.0.2/lib/action_dispatch/middleware/templates/rescues/_request_and_response.html.erb (1.0ms)
  Rendered c:/Ruby23-x64/lib/ruby/gems/2.3.0/gems/actionpack-5.0.2/lib/action_dispatch/middleware/templates/rescues/template_error.html.erb within rescues/layout (476.0ms)
Started GET "/a" for ::1 at 2017-04-18 15:05:13 +0800
  
ActionController::RoutingError (No route matches [GET] "/a"):
  
actionpack (5.0.2) lib/action_dispatch/middleware/debug_exceptions.rb:53:in `call'
web-console (3.5.0) lib/web_console/middleware.rb:135:in `call_app'
web-console (3.5.0) lib/web_console/middleware.rb:28:in `block in call'
web-console (3.5.0) lib/web_console/middleware.rb:18:in `catch'
web-console (3.5.0) lib/web_console/middleware.rb:18:in `call'
actionpack (5.0.2) lib/action_dispatch/middleware/show_exceptions.rb:31:in `call'
railties (5.0.2) lib/rails/rack/logger.rb:36:in `call_app'
railties (5.0.2) lib/rails/rack/logger.rb:24:in `block in call'
activesupport (5.0.2) lib/active_support/tagged_logging.rb:69:in `block in tagged'
activesupport (5.0.2) lib/active_support/tagged_logging.rb:26:in `tagged'
activesupport (5.0.2) lib/active_support/tagged_logging.rb:69:in `tagged'
railties (5.0.2) lib/rails/rack/logger.rb:24:in `call'
sprockets-rails (3.2.0) lib/sprockets/rails/quiet_assets.rb:13:in `call'
actionpack (5.0.2) lib/action_dispatch/middleware/request_id.rb:24:in `call'
rack (2.0.1) lib/rack/method_override.rb:22:in `call'
rack (2.0.1) lib/rack/runtime.rb:22:in `call'
activesupport (5.0.2) lib/active_support/cache/strategy/local_cache_middleware.rb:28:in `call'
actionpack (5.0.2) lib/action_dispatch/middleware/executor.rb:12:in `call'
actionpack (5.0.2) lib/action_dispatch/middleware/static.rb:136:in `call'
rack (2.0.1) lib/rack/sendfile.rb:111:in `call'
railties (5.0.2) lib/rails/engine.rb:522:in `call'
puma (3.8.2) lib/puma/configuration.rb:224:in `call'
puma (3.8.2) lib/puma/server.rb:600:in `handle_request'
puma (3.8.2) lib/puma/server.rb:435:in `process_client'
puma (3.8.2) lib/puma/server.rb:299:in `block in run'
puma (3.8.2) lib/puma/thread_pool.rb:120:in `block in spawn_thread'
  Rendering c:/Ruby23-x64/lib/ruby/gems/2.3.0/gems/actionpack-5.0.2/lib/action_dispatch/middleware/templates/rescues/routing_error.html.erb within rescues/layout
  Rendering c:/Ruby23-x64/lib/ruby/gems/2.3.0/gems/actionpack-5.0.2/lib/action_dispatch/middleware/templates/rescues/_trace.html.erb
  Rendered c:/Ruby23-x64/lib/ruby/gems/2.3.0/gems/actionpack-5.0.2/lib/action_dispatch/middleware/templates/rescues/_trace.html.erb (1.0ms)
  Rendered collection of c:/Ruby23-x64/lib/ruby/gems/2.3.0/gems/actionpack-5.0.2/lib/action_dispatch/middleware/templates/routes/_route.html.erb [15 times] (3.0ms)
  Rendered c:/Ruby23-x64/lib/ruby/gems/2.3.0/gems/actionpack-5.0.2/lib/action_dispatch/middleware/templates/routes/_table.html.erb (3.0ms)
  Rendering c:/Ruby23-x64/lib/ruby/gems/2.3.0/gems/actionpack-5.0.2/lib/action_dispatch/middleware/templates/rescues/_request_and_response.html.erb
  Rendered c:/Ruby23-x64/lib/ruby/gems/2.3.0/gems/actionpack-5.0.2/lib/action_dispatch/middleware/templates/rescues/_request_and_response.html.erb (1.0ms)
  Rendered c:/Ruby23-x64/lib/ruby/gems/2.3.0/gems/actionpack-5.0.2/lib/action_dispatch/middleware/templates/rescues/routing_error.html.erb within rescues/layout (614.0ms)
Started GET "/a" for ::1 at 2017-04-18 15:05:42 +0800
  
ActionController::RoutingError (No route matches [GET] "/a"):
  
actionpack (5.0.2) lib/action_dispatch/middleware/debug_exceptions.rb:53:in `call'
web-console (3.5.0) lib/web_console/middleware.rb:135:in `call_app'
web-console (3.5.0) lib/web_console/middleware.rb:28:in `block in call'
web-console (3.5.0) lib/web_console/middleware.rb:18:in `catch'
web-console (3.5.0) lib/web_console/middleware.rb:18:in `call'
actionpack (5.0.2) lib/action_dispatch/middleware/show_exceptions.rb:31:in `call'
railties (5.0.2) lib/rails/rack/logger.rb:36:in `call_app'
railties (5.0.2) lib/rails/rack/logger.rb:24:in `block in call'
activesupport (5.0.2) lib/active_support/tagged_logging.rb:69:in `block in tagged'
activesupport (5.0.2) lib/active_support/tagged_logging.rb:26:in `tagged'
activesupport (5.0.2) lib/active_support/tagged_logging.rb:69:in `tagged'
railties (5.0.2) lib/rails/rack/logger.rb:24:in `call'
sprockets-rails (3.2.0) lib/sprockets/rails/quiet_assets.rb:13:in `call'
actionpack (5.0.2) lib/action_dispatch/middleware/request_id.rb:24:in `call'
rack (2.0.1) lib/rack/method_override.rb:22:in `call'
rack (2.0.1) lib/rack/runtime.rb:22:in `call'
activesupport (5.0.2) lib/active_support/cache/strategy/local_cache_middleware.rb:28:in `call'
actionpack (5.0.2) lib/action_dispatch/middleware/executor.rb:12:in `call'
actionpack (5.0.2) lib/action_dispatch/middleware/static.rb:136:in `call'
rack (2.0.1) lib/rack/sendfile.rb:111:in `call'
railties (5.0.2) lib/rails/engine.rb:522:in `call'
puma (3.8.2) lib/puma/configuration.rb:224:in `call'
puma (3.8.2) lib/puma/server.rb:600:in `handle_request'
puma (3.8.2) lib/puma/server.rb:435:in `process_client'
puma (3.8.2) lib/puma/server.rb:299:in `block in run'
puma (3.8.2) lib/puma/thread_pool.rb:120:in `block in spawn_thread'
  Rendering c:/Ruby23-x64/lib/ruby/gems/2.3.0/gems/actionpack-5.0.2/lib/action_dispatch/middleware/templates/rescues/routing_error.html.erb within rescues/layout
  Rendering c:/Ruby23-x64/lib/ruby/gems/2.3.0/gems/actionpack-5.0.2/lib/action_dispatch/middleware/templates/rescues/_trace.html.erb
  Rendered c:/Ruby23-x64/lib/ruby/gems/2.3.0/gems/actionpack-5.0.2/lib/action_dispatch/middleware/templates/rescues/_trace.html.erb (1.0ms)
  Rendered collection of c:/Ruby23-x64/lib/ruby/gems/2.3.0/gems/actionpack-5.0.2/lib/action_dispatch/middleware/templates/routes/_route.html.erb [15 times] (4.0ms)
  Rendered c:/Ruby23-x64/lib/ruby/gems/2.3.0/gems/actionpack-5.0.2/lib/action_dispatch/middleware/templates/routes/_table.html.erb (1.0ms)
  Rendering c:/Ruby23-x64/lib/ruby/gems/2.3.0/gems/actionpack-5.0.2/lib/action_dispatch/middleware/templates/rescues/_request_and_response.html.erb
  Rendered c:/Ruby23-x64/lib/ruby/gems/2.3.0/gems/actionpack-5.0.2/lib/action_dispatch/middleware/templates/rescues/_request_and_response.html.erb (1.0ms)
  Rendered c:/Ruby23-x64/lib/ruby/gems/2.3.0/gems/actionpack-5.0.2/lib/action_dispatch/middleware/templates/rescues/routing_error.html.erb within rescues/layout (640.0ms)
Started GET "/" for ::1 at 2017-04-18 15:05:49 +0800
Processing by PublicController#landing as HTML
  Rendering public/landing.html.erb within layouts/application
  Rendered public/landing.html.erb within layouts/application (1.0ms)
  [1m[36mUser Load (0.0ms)[0m  [1m[34mSELECT  "users".* FROM "users" WHERE "users"."id" = ? LIMIT ?[0m  [["id", 1], ["LIMIT", 1]]
Completed 500 Internal Server Error in 301ms (ActiveRecord: 2.0ms)


  
ActionView::Template::Error (undefined local variable or method `delete' for #<#<Class:0x0000000c543a10>:0x0000000c542840>):
    12:   <% if logged_in? %>
    13:   	<h1>Welcome, <%= current_user.name %>!</h1>
    14:   	<%= link_to "Users", users_path %>
    15:   	<%= link_to "Log out", logout_path, method: delete %>
    16:   <% else %>
    17:   	<%= link_to "Log in", login_path %>
    18:   <% end %>
  
app/views/layouts/application.html.erb:15:in `_app_views_layouts_application_html_erb___1816615697_103913640'
  Rendering c:/Ruby23-x64/lib/ruby/gems/2.3.0/gems/actionpack-5.0.2/lib/action_dispatch/middleware/templates/rescues/template_error.html.erb within rescues/layout
  Rendering c:/Ruby23-x64/lib/ruby/gems/2.3.0/gems/actionpack-5.0.2/lib/action_dispatch/middleware/templates/rescues/_source.html.erb
  Rendered c:/Ruby23-x64/lib/ruby/gems/2.3.0/gems/actionpack-5.0.2/lib/action_dispatch/middleware/templates/rescues/_source.html.erb (3.0ms)
  Rendering c:/Ruby23-x64/lib/ruby/gems/2.3.0/gems/actionpack-5.0.2/lib/action_dispatch/middleware/templates/rescues/_trace.html.erb
  Rendered c:/Ruby23-x64/lib/ruby/gems/2.3.0/gems/actionpack-5.0.2/lib/action_dispatch/middleware/templates/rescues/_trace.html.erb (1.0ms)
  Rendering c:/Ruby23-x64/lib/ruby/gems/2.3.0/gems/actionpack-5.0.2/lib/action_dispatch/middleware/templates/rescues/_request_and_response.html.erb
  Rendered c:/Ruby23-x64/lib/ruby/gems/2.3.0/gems/actionpack-5.0.2/lib/action_dispatch/middleware/templates/rescues/_request_and_response.html.erb (1.0ms)
  Rendered c:/Ruby23-x64/lib/ruby/gems/2.3.0/gems/actionpack-5.0.2/lib/action_dispatch/middleware/templates/rescues/template_error.html.erb within rescues/layout (484.0ms)
Started GET "/" for ::1 at 2017-04-18 15:06:13 +0800
Processing by PublicController#landing as HTML
  Rendering public/landing.html.erb within layouts/application
  Rendered public/landing.html.erb within layouts/application (0.0ms)
  [1m[36mUser Load (0.0ms)[0m  [1m[34mSELECT  "users".* FROM "users" WHERE "users"."id" = ? LIMIT ?[0m  [["id", 1], ["LIMIT", 1]]
Completed 200 OK in 84ms (Views: 76.4ms | ActiveRecord: 0.0ms)


Started DELETE "/logout" for ::1 at 2017-04-18 15:06:18 +0800
Processing by SessionsController#destroy as HTML
  Parameters: {"authenticity_token"=>"6eyiZ9ud3F9LHJ8tYheJgGVdsYxzikC2Bis6poIIy/IvVv7E6cOTRr/B4pgjDT9NEGvRkyZkBiKCihJlvzJPCQ=="}
Redirected to http://localhost:3000/login
Completed 302 Found in 1ms (ActiveRecord: 0.0ms)


Started GET "/login" for ::1 at 2017-04-18 15:06:18 +0800
Processing by SessionsController#new as HTML
  Rendering sessions/new.html.erb within layouts/application
  Rendered sessions/new.html.erb within layouts/application (1.0ms)
  [1m[36mUser Load (0.0ms)[0m  [1m[34mSELECT  "users".* FROM "users" WHERE "users"."id" IS NULL LIMIT ?[0m  [["LIMIT", 1]]
Completed 200 OK in 95ms (Views: 87.7ms | ActiveRecord: 0.0ms)


Started POST "/login" for ::1 at 2017-04-18 15:06:24 +0800
Processing by SessionsController#create as HTML
  Parameters: {"utf8"=>"✓", "authenticity_token"=>"PUFBy0pge+m71I79ppX4QVH0otOpR1Rr0ZJAJKECDVP7+x1oeD408E8J80jnj06MJMLCzPypEv9VM2jnnDiJqA==", "session"=>{"email"=>"someemail2@example.com", "password"=>"[FILTERED]"}, "commit"=>"Log in"}
  [1m[36mUser Load (0.0ms)[0m  [1m[34mSELECT  "users".* FROM "users" WHERE "users"."email" = ? LIMIT ?[0m  [["email", "someemail2@example.com"], ["LIMIT", 1]]
Redirected to http://localhost:3000/
Completed 302 Found in 68ms (ActiveRecord: 0.0ms)


Started GET "/" for ::1 at 2017-04-18 15:06:24 +0800
Processing by PublicController#landing as HTML
  Rendering public/landing.html.erb within layouts/application
  Rendered public/landing.html.erb within layouts/application (0.0ms)
  [1m[36mUser Load (1.0ms)[0m  [1m[34mSELECT  "users".* FROM "users" WHERE "users"."id" = ? LIMIT ?[0m  [["id", 1], ["LIMIT", 1]]
Completed 200 OK in 85ms (Views: 76.3ms | ActiveRecord: 1.0ms)


Started GET "/" for ::1 at 2017-04-18 15:08:50 +0800
Processing by PublicController#landing as HTML
  [1m[36mUser Load (0.0ms)[0m  [1m[34mSELECT  "users".* FROM "users" WHERE "users"."id" = ? LIMIT ?[0m  [["id", 1], ["LIMIT", 1]]
  Rendering public/landing.html.erb within layouts/application
  Rendered public/landing.html.erb within layouts/application (0.0ms)
Completed 200 OK in 92ms (Views: 74.5ms | ActiveRecord: 0.0ms)


Started GET "/" for ::1 at 2017-04-18 15:09:31 +0800
Processing by PublicController#landing as HTML
  [1m[36mUser Load (0.0ms)[0m  [1m[34mSELECT  "users".* FROM "users" WHERE "users"."id" = ? LIMIT ?[0m  [["id", 1], ["LIMIT", 1]]
  Rendering public/landing.html.erb within layouts/application
  Rendered public/landing.html.erb within layouts/application (1.0ms)
Completed 200 OK in 99ms (Views: 80.8ms | ActiveRecord: 1.0ms)


Started PUT "/__web_console/repl_sessions/696cf8eb2c267db159fa10ef533ef987" for ::1 at 2017-04-18 15:09:39 +0800
Started PUT "/__web_console/repl_sessions/696cf8eb2c267db159fa10ef533ef987" for ::1 at 2017-04-18 15:09:39 +0800
Started PUT "/__web_console/repl_sessions/696cf8eb2c267db159fa10ef533ef987" for ::1 at 2017-04-18 15:09:40 +0800
  [1m[36mUser Load (0.0ms)[0m  [1m[34mSELECT "users".* FROM "users"[0m
Started PUT "/__web_console/repl_sessions/696cf8eb2c267db159fa10ef533ef987" for ::1 at 2017-04-18 15:09:45 +0800
Started PUT "/__web_console/repl_sessions/696cf8eb2c267db159fa10ef533ef987" for ::1 at 2017-04-18 15:09:46 +0800
Started PUT "/__web_console/repl_sessions/696cf8eb2c267db159fa10ef533ef987" for ::1 at 2017-04-18 15:09:56 +0800
Started PUT "/__web_console/repl_sessions/696cf8eb2c267db159fa10ef533ef987" for ::1 at 2017-04-18 15:09:57 +0800
Started GET "/" for ::1 at 2017-04-18 15:10:38 +0800
Processing by PublicController#landing as HTML
  [1m[36mUser Load (0.0ms)[0m  [1m[34mSELECT  "users".* FROM "users" WHERE "users"."id" = ? LIMIT ?[0m  [["id", 1], ["LIMIT", 1]]
  Rendering public/landing.html.erb within layouts/application
  Rendered public/landing.html.erb within layouts/application (0.0ms)
Completed 200 OK in 95ms (Views: 77.5ms | ActiveRecord: 0.0ms)


Started GET "/" for ::1 at 2017-04-18 15:11:05 +0800
Processing by PublicController#landing as HTML
  [1m[36mUser Load (0.0ms)[0m  [1m[34mSELECT  "users".* FROM "users" WHERE "users"."id" = ? LIMIT ?[0m  [["id", 1], ["LIMIT", 1]]
  Rendering public/landing.html.erb within layouts/application
  Rendered public/landing.html.erb within layouts/application (0.0ms)
Completed 200 OK in 105ms (Views: 87.6ms | ActiveRecord: 1.0ms)


Started PUT "/__web_console/repl_sessions/5d292b3007b27264d3db6d081f548e96" for ::1 at 2017-04-18 15:12:24 +0800
Started PUT "/__web_console/repl_sessions/5d292b3007b27264d3db6d081f548e96" for ::1 at 2017-04-18 15:12:25 +0800
Started PUT "/__web_console/repl_sessions/5d292b3007b27264d3db6d081f548e96" for ::1 at 2017-04-18 15:12:30 +0800
Started GET "/users" for ::1 at 2017-04-18 15:13:15 +0800
Processing by UsersController#index as HTML
  [1m[36mUser Load (0.0ms)[0m  [1m[34mSELECT  "users".* FROM "users" WHERE "users"."id" = ? LIMIT ?[0m  [["id", 1], ["LIMIT", 1]]
  Rendering users/index.html.erb within layouts/application
  [1m[36mUser Load (0.0ms)[0m  [1m[34mSELECT "users".* FROM "users"[0m
  Rendered users/index.html.erb within layouts/application (3.0ms)
Completed 200 OK in 115ms (Views: 78.3ms | ActiveRecord: 0.0ms)


Started GET "/users/new" for ::1 at 2017-04-18 15:13:21 +0800
Processing by UsersController#new as HTML
  [1m[36mUser Load (0.0ms)[0m  [1m[34mSELECT  "users".* FROM "users" WHERE "users"."id" = ? LIMIT ?[0m  [["id", 1], ["LIMIT", 1]]
  Rendering users/new.html.erb within layouts/application
  Rendered users/_form.html.erb (15.6ms)
  Rendered users/new.html.erb within layouts/application (15.6ms)
Completed 200 OK in 104ms (Views: 86.9ms | ActiveRecord: 0.0ms)


Started GET "/users" for ::1 at 2017-04-18 15:13:23 +0800
Processing by UsersController#index as HTML
  [1m[36mUser Load (0.0ms)[0m  [1m[34mSELECT  "users".* FROM "users" WHERE "users"."id" = ? LIMIT ?[0m  [["id", 1], ["LIMIT", 1]]
  Rendering users/index.html.erb within layouts/application
  [1m[36mUser Load (0.0ms)[0m  [1m[34mSELECT "users".* FROM "users"[0m
  Rendered users/index.html.erb within layouts/application (0.0ms)
Completed 200 OK in 119ms (Views: 74.3ms | ActiveRecord: 0.0ms)


Started GET "/users" for ::1 at 2017-04-18 15:13:23 +0800
Processing by UsersController#index as HTML
  [1m[36mUser Load (0.0ms)[0m  [1m[34mSELECT  "users".* FROM "users" WHERE "users"."id" = ? LIMIT ?[0m  [["id", 1], ["LIMIT", 1]]
  Rendering users/index.html.erb within layouts/application
  [1m[36mUser Load (0.0ms)[0m  [1m[34mSELECT "users".* FROM "users"[0m
  Rendered users/index.html.erb within layouts/application (3.0ms)
Completed 200 OK in 111ms (Views: 86.5ms | ActiveRecord: 0.0ms)


Started DELETE "/logout" for ::1 at 2017-04-18 15:13:26 +0800
Processing by SessionsController#destroy as HTML
  Parameters: {"authenticity_token"=>"tfEvfFlwA/r4A0jRShFyzbRhRTl22Z5mWIEQkGUCYshzS3Pfay5M4wzeNWQLC8QAwVclJiM32PLcIDhTWDjmMw=="}
Redirected to http://localhost:3000/login
Completed 302 Found in 1ms (ActiveRecord: 0.0ms)


Started GET "/login" for ::1 at 2017-04-18 15:13:26 +0800
Processing by SessionsController#new as HTML
  Rendering sessions/new.html.erb within layouts/application
  Rendered sessions/new.html.erb within layouts/application (2.0ms)
  [1m[36mUser Load (0.0ms)[0m  [1m[34mSELECT  "users".* FROM "users" WHERE "users"."id" IS NULL LIMIT ?[0m  [["LIMIT", 1]]
Completed 200 OK in 87ms (Views: 79.1ms | ActiveRecord: 0.0ms)


Started POST "/login" for ::1 at 2017-04-18 15:13:27 +0800
Processing by SessionsController#create as HTML
  Parameters: {"utf8"=>"✓", "authenticity_token"=>"xya58Bn76lgdkvaReD5hIUY5FNa8dk23xRQYxx16bqEBnOVTK6WlQelPiyQ5JNfsMw90yemYCyNBtTAEIEDqWg==", "session"=>{"email"=>"", "password"=>"[FILTERED]"}, "commit"=>"Log in"}
  [1m[36mUser Load (0.0ms)[0m  [1m[34mSELECT  "users".* FROM "users" WHERE "users"."email" = ? LIMIT ?[0m  [["email", ""], ["LIMIT", 1]]
  Rendering sessions/new.html.erb within layouts/application
  Rendered sessions/new.html.erb within layouts/application (1.0ms)
  [1m[36mUser Load (0.0ms)[0m  [1m[34mSELECT  "users".* FROM "users" WHERE "users"."id" IS NULL LIMIT ?[0m  [["LIMIT", 1]]
Completed 200 OK in 81ms (Views: 79.1ms | ActiveRecord: 0.0ms)


Started POST "/login" for ::1 at 2017-04-18 15:13:52 +0800
Processing by SessionsController#create as HTML
  Parameters: {"utf8"=>"✓", "authenticity_token"=>"61vfkrxPjLGT/nqeeTXZuljXTHXa4OfXyhegQN8wYeQt4YMxjhHDqGcjBys4L293LeEsao8OoUNOtoiD4grlHw==", "session"=>{"email"=>"example@example.com", "password"=>"[FILTERED]"}, "commit"=>"Log in"}
  [1m[36mUser Load (0.0ms)[0m  [1m[34mSELECT  "users".* FROM "users" WHERE "users"."email" = ? LIMIT ?[0m  [["email", "example@example.com"], ["LIMIT", 1]]
  Rendering sessions/new.html.erb within layouts/application
  Rendered sessions/new.html.erb within layouts/application (1.0ms)
  [1m[36mUser Load (1.0ms)[0m  [1m[34mSELECT  "users".* FROM "users" WHERE "users"."id" IS NULL LIMIT ?[0m  [["LIMIT", 1]]
Completed 200 OK in 90ms (Views: 86.7ms | ActiveRecord: 1.0ms)


Started POST "/login" for ::1 at 2017-04-18 15:15:03 +0800
Processing by SessionsController#create as HTML
  Parameters: {"utf8"=>"✓", "authenticity_token"=>"2/J9mGTWcwOsjtU93Cyz2aNjXytrBbgac7HT+5aePLUdSCE7Vog8GlhTqIidNgUU1lU/ND7r/o73EPs4q6S4Tg==", "session"=>{"email"=>"someemail2@example.com", "password"=>"[FILTERED]"}, "commit"=>"Log in"}
  [1m[36mUser Load (0.0ms)[0m  [1m[34mSELECT  "users".* FROM "users" WHERE "users"."email" = ? LIMIT ?[0m  [["email", "someemail2@example.com"], ["LIMIT", 1]]
Redirected to http://localhost:3000/
Completed 302 Found in 68ms (ActiveRecord: 0.0ms)


Started GET "/" for ::1 at 2017-04-18 15:15:03 +0800
Processing by PublicController#landing as HTML
  [1m[36mUser Load (0.0ms)[0m  [1m[34mSELECT  "users".* FROM "users" WHERE "users"."id" = ? LIMIT ?[0m  [["id", 1], ["LIMIT", 1]]
  Rendering public/landing.html.erb within layouts/application
  Rendered public/landing.html.erb within layouts/application (1.0ms)
Completed 200 OK in 89ms (Views: 80.2ms | ActiveRecord: 0.0ms)


Started GET "/" for ::1 at 2017-04-18 15:21:44 +0800
Processing by PublicController#landing as HTML
  [1m[36mUser Load (0.0ms)[0m  [1m[34mSELECT  "users".* FROM "users" WHERE "users"."id" = ? LIMIT ?[0m  [["id", 1], ["LIMIT", 1]]
  Rendering public/landing.html.erb within layouts/application
  Rendered public/landing.html.erb within layouts/application (0.0ms)
Completed 200 OK in 97ms (Views: 77.6ms | ActiveRecord: 1.0ms)


Started GET "/" for ::1 at 2017-04-18 15:22:31 +0800
Processing by PublicController#landing as HTML
  [1m[36mUser Load (0.0ms)[0m  [1m[34mSELECT  "users".* FROM "users" WHERE "users"."id" = ? LIMIT ?[0m  [["id", 1], ["LIMIT", 1]]
  Rendering public/landing.html.erb within layouts/application
  Rendered public/landing.html.erb within layouts/application (0.0ms)
Completed 200 OK in 109ms (Views: 82.4ms | ActiveRecord: 0.0ms)


Started GET "/" for ::1 at 2017-04-18 15:23:27 +0800
Processing by PublicController#landing as HTML
  [1m[36mUser Load (0.0ms)[0m  [1m[34mSELECT  "users".* FROM "users" WHERE "users"."id" = ? LIMIT ?[0m  [["id", 1], ["LIMIT", 1]]
  Rendering public/landing.html.erb within layouts/application
  Rendered public/landing.html.erb within layouts/application (0.0ms)
Completed 200 OK in 86ms (Views: 77.3ms | ActiveRecord: 0.0ms)


Started GET "/" for ::1 at 2017-04-18 15:24:03 +0800
Processing by PublicController#landing as HTML
  [1m[36mUser Load (0.0ms)[0m  [1m[34mSELECT  "users".* FROM "users" WHERE "users"."id" = ? LIMIT ?[0m  [["id", 1], ["LIMIT", 1]]
  Rendering public/landing.html.erb within layouts/application
  Rendered public/landing.html.erb within layouts/application (82.0ms)
Completed 500 Internal Server Error in 115ms (ActiveRecord: 0.0ms)


  
ActionView::Template::Error (undefined method `dummy_text' for #<#<Class:0x0000000ccfbe88>:0x0000000c132548>):
    2: 
    3: <% if @user %>
    4: 	<%= image_tag 'http://placehold.it/300x300' %>
    5: 	<%= dummy_text "Lorem ipsum dolor sit amet, consectetur adipiscing elit. Maecenas fringilla tincidunt nibh, vel mattis magna accumsan quis. Duis nec fringilla libero. Nam faucibus at tellus vel dictum. Morbi nec imperdiet eros. Cras egestas at nulla sed tincidunt. Donec venenatis risus non neque commodo pharetra. Morbi et cursus ex. Duis vel scelerisque nisi. Nulla commodo ac eros sit amet finibus.
    6: 
    7: Phasellus finibus aliquam mattis. Duis id erat ac nisi semper gravida vel vitae velit. Sed pretium lacinia risus ut ullamcorper. Duis venenatis porta leo, ut congue justo placerat vitae. Aenean blandit, sapien quis facilisis egestas, lacus mi semper quam, ut mollis nulla velit quis tellus. Vestibulum aliquet metus eu nulla ornare, id consectetur sem lobortis. Duis facilisis nibh in lacus malesuada, id suscipit enim pulvinar. Nunc hendrerit erat eu nunc tristique euismod. Nam ut pulvinar arcu, nec maximus ligula. Ut convallis sagittis augue ut porttitor. Integer condimentum dui quis pellentesque posuere. Donec in felis aliquet nunc feugiat tempus. Aliquam enim urna, maximus et consequat vitae, hendrerit in orci. Donec ut venenatis arcu. Etiam laoreet massa tortor, nec ultricies orci porta a. Nulla mauris orci, fermentum vel finibus eu, commodo a enim." %>
    8: <% end %>
  
app/views/public/landing.html.erb:5:in `_app_views_public_landing_html_erb__245605439_101292080'
  Rendering c:/Ruby23-x64/lib/ruby/gems/2.3.0/gems/actionpack-5.0.2/lib/action_dispatch/middleware/templates/rescues/template_error.html.erb within rescues/layout
  Rendering c:/Ruby23-x64/lib/ruby/gems/2.3.0/gems/actionpack-5.0.2/lib/action_dispatch/middleware/templates/rescues/_source.html.erb
  Rendered c:/Ruby23-x64/lib/ruby/gems/2.3.0/gems/actionpack-5.0.2/lib/action_dispatch/middleware/templates/rescues/_source.html.erb (3.0ms)
  Rendering c:/Ruby23-x64/lib/ruby/gems/2.3.0/gems/actionpack-5.0.2/lib/action_dispatch/middleware/templates/rescues/_trace.html.erb
  Rendered c:/Ruby23-x64/lib/ruby/gems/2.3.0/gems/actionpack-5.0.2/lib/action_dispatch/middleware/templates/rescues/_trace.html.erb (2.0ms)
  Rendering c:/Ruby23-x64/lib/ruby/gems/2.3.0/gems/actionpack-5.0.2/lib/action_dispatch/middleware/templates/rescues/_request_and_response.html.erb
  Rendered c:/Ruby23-x64/lib/ruby/gems/2.3.0/gems/actionpack-5.0.2/lib/action_dispatch/middleware/templates/rescues/_request_and_response.html.erb (1.0ms)
  Rendered c:/Ruby23-x64/lib/ruby/gems/2.3.0/gems/actionpack-5.0.2/lib/action_dispatch/middleware/templates/rescues/template_error.html.erb within rescues/layout (482.0ms)
Started GET "/" for ::1 at 2017-04-18 15:24:37 +0800
Processing by PublicController#landing as HTML
  [1m[36mUser Load (0.0ms)[0m  [1m[34mSELECT  "users".* FROM "users" WHERE "users"."id" = ? LIMIT ?[0m  [["id", 1], ["LIMIT", 1]]
  Rendering public/landing.html.erb within layouts/application
  Rendered public/landing.html.erb within layouts/application (82.0ms)
Completed 500 Internal Server Error in 112ms (ActiveRecord: 0.0ms)


  
ActionView::Template::Error (undefined method `dummy_text' for #<#<Class:0x0000000ccfbe88>:0x0000000cd915a0>):
    2: 
    3: <% if @user %>
    4: 	<%= image_tag 'http://placehold.it/300x300' %>
    5: 	<%= dummy_text 'Lorem ipsum dolor sit amet, consectetur adipiscing elit. Maecenas fringilla tincidunt nibh, vel mattis magna accumsan quis. Duis nec fringilla libero. Nam faucibus at tellus vel dictum. Morbi nec imperdiet eros. Cras egestas at nulla sed tincidunt. Donec venenatis risus non neque commodo pharetra. Morbi et cursus ex. Duis vel scelerisque nisi. Nulla commodo ac eros sit amet finibus.
    6: 
    7: Phasellus finibus aliquam mattis. Duis id erat ac nisi semper gravida vel vitae velit. Sed pretium lacinia risus ut ullamcorper. Duis venenatis porta leo, ut congue justo placerat vitae. Aenean blandit, sapien quis facilisis egestas, lacus mi semper quam, ut mollis nulla velit quis tellus. Vestibulum aliquet metus eu nulla ornare, id consectetur sem lobortis. Duis facilisis nibh in lacus malesuada, id suscipit enim pulvinar. Nunc hendrerit erat eu nunc tristique euismod. Nam ut pulvinar arcu, nec maximus ligula. Ut convallis sagittis augue ut porttitor. Integer condimentum dui quis pellentesque posuere. Donec in felis aliquet nunc feugiat tempus. Aliquam enim urna, maximus et consequat vitae, hendrerit in orci. Donec ut venenatis arcu. Etiam laoreet massa tortor, nec ultricies orci porta a. Nulla mauris orci, fermentum vel finibus eu, commodo a enim.' %>
    8: <% end %>
  
app/views/public/landing.html.erb:5:in `_app_views_public_landing_html_erb__245605439_107778020'
  Rendering c:/Ruby23-x64/lib/ruby/gems/2.3.0/gems/actionpack-5.0.2/lib/action_dispatch/middleware/templates/rescues/template_error.html.erb within rescues/layout
  Rendering c:/Ruby23-x64/lib/ruby/gems/2.3.0/gems/actionpack-5.0.2/lib/action_dispatch/middleware/templates/rescues/_source.html.erb
  Rendered c:/Ruby23-x64/lib/ruby/gems/2.3.0/gems/actionpack-5.0.2/lib/action_dispatch/middleware/templates/rescues/_source.html.erb (4.0ms)
  Rendering c:/Ruby23-x64/lib/ruby/gems/2.3.0/gems/actionpack-5.0.2/lib/action_dispatch/middleware/templates/rescues/_trace.html.erb
  Rendered c:/Ruby23-x64/lib/ruby/gems/2.3.0/gems/actionpack-5.0.2/lib/action_dispatch/middleware/templates/rescues/_trace.html.erb (2.0ms)
  Rendering c:/Ruby23-x64/lib/ruby/gems/2.3.0/gems/actionpack-5.0.2/lib/action_dispatch/middleware/templates/rescues/_request_and_response.html.erb
  Rendered c:/Ruby23-x64/lib/ruby/gems/2.3.0/gems/actionpack-5.0.2/lib/action_dispatch/middleware/templates/rescues/_request_and_response.html.erb (1.0ms)
  Rendered c:/Ruby23-x64/lib/ruby/gems/2.3.0/gems/actionpack-5.0.2/lib/action_dispatch/middleware/templates/rescues/template_error.html.erb within rescues/layout (492.0ms)
Started GET "/" for ::1 at 2017-04-18 15:25:11 +0800
Processing by PublicController#landing as HTML
  [1m[36mUser Load (0.0ms)[0m  [1m[34mSELECT  "users".* FROM "users" WHERE "users"."id" = ? LIMIT ?[0m  [["id", 1], ["LIMIT", 1]]
  Rendering public/landing.html.erb within layouts/application
  Rendered public/landing.html.erb within layouts/application (0.0ms)
Completed 200 OK in 94ms (Views: 84.5ms | ActiveRecord: 0.0ms)


Started GET "/" for ::1 at 2017-04-18 15:26:18 +0800
Processing by PublicController#landing as HTML
  [1m[36mUser Load (0.0ms)[0m  [1m[34mSELECT  "users".* FROM "users" WHERE "users"."id" = ? LIMIT ?[0m  [["id", 1], ["LIMIT", 1]]
  Rendering public/landing.html.erb within layouts/application
  Rendered public/landing.html.erb within layouts/application (0.0ms)
Completed 200 OK in 107ms (Views: 97.3ms | ActiveRecord: 0.0ms)


Started GET "/" for ::1 at 2017-04-18 15:41:26 +0800
Processing by PublicController#landing as HTML
  [1m[36mUser Load (0.0ms)[0m  [1m[34mSELECT  "users".* FROM "users" WHERE "users"."id" = ? LIMIT ?[0m  [["id", 1], ["LIMIT", 1]]
  Rendering public/landing.html.erb within layouts/application
  Rendered public/landing.html.erb within layouts/application (1.0ms)
Completed 500 Internal Server Error in 279ms (ActiveRecord: 0.0ms)


  
ActionView::Template::Error (undefined local variable or method `home_path' for #<#<Class:0x0000000ccfbe88>:0x0000000c5caf38>):
    12:   <% if logged_in? %>
    13:   	<h1>Welcome, <%= current_user.name %>!</h1>
    14:   	<%= link_to "Users", users_path %>
    15:   	<%= link_to "Home", home_path %>
    16:   	<%= link_to "Courses"%>
    17:   	<%= link_to "Log out", logout_path, method: :delete %>
    18:   <% else %>
  
app/views/layouts/application.html.erb:15:in `_app_views_layouts_application_html_erb___1816615697_103668740'
  Rendering c:/Ruby23-x64/lib/ruby/gems/2.3.0/gems/actionpack-5.0.2/lib/action_dispatch/middleware/templates/rescues/template_error.html.erb within rescues/layout
  Rendering c:/Ruby23-x64/lib/ruby/gems/2.3.0/gems/actionpack-5.0.2/lib/action_dispatch/middleware/templates/rescues/_source.html.erb
  Rendered c:/Ruby23-x64/lib/ruby/gems/2.3.0/gems/actionpack-5.0.2/lib/action_dispatch/middleware/templates/rescues/_source.html.erb (3.0ms)
  Rendering c:/Ruby23-x64/lib/ruby/gems/2.3.0/gems/actionpack-5.0.2/lib/action_dispatch/middleware/templates/rescues/_trace.html.erb
  Rendered c:/Ruby23-x64/lib/ruby/gems/2.3.0/gems/actionpack-5.0.2/lib/action_dispatch/middleware/templates/rescues/_trace.html.erb (1.0ms)
  Rendering c:/Ruby23-x64/lib/ruby/gems/2.3.0/gems/actionpack-5.0.2/lib/action_dispatch/middleware/templates/rescues/_request_and_response.html.erb
  Rendered c:/Ruby23-x64/lib/ruby/gems/2.3.0/gems/actionpack-5.0.2/lib/action_dispatch/middleware/templates/rescues/_request_and_response.html.erb (1.0ms)
  Rendered c:/Ruby23-x64/lib/ruby/gems/2.3.0/gems/actionpack-5.0.2/lib/action_dispatch/middleware/templates/rescues/template_error.html.erb within rescues/layout (479.0ms)
Started GET "/" for ::1 at 2017-04-18 15:42:39 +0800
Processing by PublicController#landing as HTML
  [1m[36mUser Load (1.0ms)[0m  [1m[34mSELECT  "users".* FROM "users" WHERE "users"."id" = ? LIMIT ?[0m  [["id", 1], ["LIMIT", 1]]
  Rendering public/landing.html.erb within layouts/application
  Rendered public/landing.html.erb within layouts/application (0.0ms)
Completed 200 OK in 84ms (Views: 74.3ms | ActiveRecord: 1.0ms)


Started GET "/users" for ::1 at 2017-04-18 15:43:54 +0800
Processing by UsersController#index as HTML
  [1m[36mUser Load (1.0ms)[0m  [1m[34mSELECT  "users".* FROM "users" WHERE "users"."id" = ? LIMIT ?[0m  [["id", 1], ["LIMIT", 1]]
  Rendering users/index.html.erb within layouts/application
  [1m[36mUser Load (0.0ms)[0m  [1m[34mSELECT "users".* FROM "users"[0m
  Rendered users/index.html.erb within layouts/application (15.6ms)
Completed 200 OK in 122ms (Views: 85.9ms | ActiveRecord: 1.0ms)


